app/build/intermediates/proguard-rules/release/aapt_rules.txt
# Referenced at full\release\AndroidManifest.xml:26
-keep class shompu.katakuti.GameActivity { <init>(...); }

# Referenced at full\release\AndroidManifest.xml:16
-keep class shompu.katakuti.MainActivity { <init>(...); }

# Referenced at res\layout\activity_main.xml:56
-keepclassmembers class * { *** OpenPage(...); }

# Referenced at res\layout\activity_main.xml:26
-keepclassmembers class * { *** exit(...); }

# Referenced at res\layout\activity_main.xml:41
-keepclassmembers class * { *** onplay(...); }