app/build/outputs/mapping/release/seeds.txt
shompu.katakuti.GameActivity
shompu.katakuti.GameActivity: GameActivity()
shompu.katakuti.GameActivity: void onClick(android.view.View)
shompu.katakuti.MainActivity
shompu.katakuti.MainActivity: MainActivity()
shompu.katakuti.MainActivity: void OpenPage(android.view.View)
shompu.katakuti.MainActivity: void onplay(android.view.View)
shompu.katakuti.MainActivity: void exit(android.view.View)
shompu.katakuti.R$dimen: int activity_horizontal_margin
shompu.katakuti.R$dimen: int activity_vertical_margin
shompu.katakuti.R$drawable: int ic_drawgame
shompu.katakuti.R$drawable: int ic_launcher
shompu.katakuti.R$drawable: int ic_loser
shompu.katakuti.R$drawable: int ic_tictoctac
shompu.katakuti.R$drawable: int ic_winner
shompu.katakuti.R$id: int action_settings
shompu.katakuti.R$id: int bb2
shompu.katakuti.R$id: int button1
shompu.katakuti.R$id: int button2
shompu.katakuti.R$id: int eight
shompu.katakuti.R$id: int five
shompu.katakuti.R$id: int four
shompu.katakuti.R$id: int imageView1
shompu.katakuti.R$id: int nine
shompu.katakuti.R$id: int one
shompu.katakuti.R$id: int score
shompu.katakuti.R$id: int seven
shompu.katakuti.R$id: int six
shompu.katakuti.R$id: int textView1
shompu.katakuti.R$id: int textView2
shompu.katakuti.R$id: int three
shompu.katakuti.R$id: int two
shompu.katakuti.R$layout: int activity_game
shompu.katakuti.R$layout: int activity_main
shompu.katakuti.R$layout: int my_dialog
shompu.katakuti.R$menu: int game
shompu.katakuti.R$menu: int main
shompu.katakuti.R$raw: int com_turn
shompu.katakuti.R$raw: int com_win
shompu.katakuti.R$raw: int draw_game
shompu.katakuti.R$raw: int user_turn
shompu.katakuti.R$raw: int user_win
shompu.katakuti.R$string: int action_settings
shompu.katakuti.R$string: int app_name
shompu.katakuti.R$string: int hello_world
shompu.katakuti.R$string: int title_activity_game
shompu.katakuti.R$style: int AppBaseTheme
shompu.katakuti.R$style: int AppTheme
...
android.support.v4.app.FragmentManagerState: android.os.Parcelable$Creator CREATOR
android.support.v4.app.FragmentState: android.os.Parcelable$Creator CREATOR
android.support.v4.app.FragmentTabHost: void setOnTabChangedListener(android.widget.TabHost$OnTabChangeListener)
android.support.v4.app.FragmentTabHost$SavedState: android.os.Parcelable$Creator CREATOR
android.support.v4.content.ModernAsyncTask$Status: android.support.v4.content.ModernAsyncTask$Status[] values()
android.support.v4.content.ModernAsyncTask$Status: android.support.v4.content.ModernAsyncTask$Status valueOf(java.lang.String)
android.support.v4.view.PagerTabStrip: void setTabIndicatorColor(int)
android.support.v4.view.PagerTabStrip: void setTabIndicatorColorResource(int)
android.support.v4.view.PagerTabStrip: int getTabIndicatorColor()
android.support.v4.view.PagerTabStrip: void setTextSpacing(int)
android.support.v4.view.PagerTabStrip: void setBackgroundDrawable(android.graphics.drawable.Drawable)
android.support.v4.view.PagerTabStrip: void setBackgroundColor(int)
android.support.v4.view.PagerTabStrip: void setBackgroundResource(int)
android.support.v4.view.PagerTabStrip: void setDrawFullUnderline(boolean)
android.support.v4.view.PagerTabStrip: boolean getDrawFullUnderline()
android.support.v4.view.PagerTabStrip: int getMinHeight()
android.support.v4.view.PagerTitleStrip: void setSingleLineAllCaps(android.widget.TextView)
android.support.v4.view.PagerTitleStrip: void setTextSpacing(int)
android.support.v4.view.PagerTitleStrip: int getTextSpacing()
android.support.v4.view.PagerTitleStrip: void setNonPrimaryAlpha(float)
android.support.v4.view.PagerTitleStrip: void setTextColor(int)
android.support.v4.view.PagerTitleStrip: void setGravity(int)
android.support.v4.view.PagerTitleStrip: int getMinHeight()
android.support.v4.view.ViewPager: void setScrollState(int)
android.support.v4.view.ViewPager: void setAdapter(android.support.v4.view.PagerAdapter)
android.support.v4.view.ViewPager: android.support.v4.view.PagerAdapter getAdapter()
android.support.v4.view.ViewPager: void setOnAdapterChangeListener(android.support.v4.view.ViewPager$OnAdapterChangeListener)
android.support.v4.view.ViewPager: int getClientWidth()
android.support.v4.view.ViewPager: void setCurrentItem(int)
android.support.v4.view.ViewPager: int getCurrentItem()
android.support.v4.view.ViewPager: void setOnPageChangeListener(android.support.v4.view.ViewPager$OnPageChangeListener)
android.support.v4.view.ViewPager: void setChildrenDrawingOrderEnabledCompat(boolean)
android.support.v4.view.ViewPager: int getOffscreenPageLimit()
android.support.v4.view.ViewPager: void setOffscreenPageLimit(int)
android.support.v4.view.ViewPager: void setPageMargin(int)
android.support.v4.view.ViewPager: int getPageMargin()
android.support.v4.view.ViewPager: void setPageMarginDrawable(android.graphics.drawable.Drawable)
android.support.v4.view.ViewPager: void setPageMarginDrawable(int)
android.support.v4.view.ViewPager: void setScrollingCacheEnabled(boolean)
android.support.v4.view.ViewPager$SavedState: android.os.Parcelable$Creator CREATOR
android.support.v4.widget.DrawerLayout: void setScrimColor(int)
android.support.v4.widget.DrawerLayout: void setDrawerListener(android.support.v4.widget.DrawerLayout$DrawerListener)
android.support.v4.widget.DrawerLayout: void setDrawerLockMode(int)
android.support.v4.widget.DrawerLayout$SavedState: android.os.Parcelable$Creator CREATOR