app/build/outputs/mapping/release/mapping.txt
shompu.katakuti.GameActivity -> shompu.katakuti.GameActivity:
    android.widget.Button[][] b -> a
    java.util.ArrayList ab -> b
    boolean win -> c
    boolean block -> d
    boolean user -> e
    boolean hard -> f
    boolean com -> g
    int u -> h
    int c -> i
    android.os.Handler loop -> j
    java.lang.Runnable game -> k
    java.lang.Runnable U -> l
    android.content.SharedPreferences sp -> m
    android.app.Dialog d -> n
    void <init>() -> <init>
    void onCreate(android.os.Bundle) -> onCreate
    boolean onCreateOptionsMenu(android.view.Menu) -> onCreateOptionsMenu
    void onClick(android.view.View) -> onClick
    void wintry(android.widget.Button,android.widget.Button,android.widget.Button) -> a
    boolean draw() -> a
    boolean wincheck() -> b
    void block_opponent() -> c
    void blocktry(android.widget.Button,android.widget.Button,android.widget.Button) -> b
    void onBackPressed() -> onBackPressed
    boolean access$002(shompu.katakuti.GameActivity,boolean) -> a
    boolean access$102(shompu.katakuti.GameActivity,boolean) -> b
    boolean access$000(shompu.katakuti.GameActivity) -> a
    boolean access$100(shompu.katakuti.GameActivity) -> b
    android.os.Handler access$200(shompu.katakuti.GameActivity) -> c
    boolean access$302(shompu.katakuti.GameActivity,boolean) -> c
    android.app.Dialog access$402(shompu.katakuti.GameActivity,android.app.Dialog) -> a
    android.app.Dialog access$400(shompu.katakuti.GameActivity) -> d
shompu.katakuti.GameActivity$1 -> shompu.katakuti.GameActivity$1:
    shompu.katakuti.GameActivity this$0 -> a
    void <init>(shompu.katakuti.GameActivity) -> <init>
    void onClick(android.content.DialogInterface,int) -> onClick
shompu.katakuti.GameActivity$2 -> shompu.katakuti.GameActivity$2:
    shompu.katakuti.GameActivity this$0 -> a
    void <init>(shompu.katakuti.GameActivity) -> <init>
    void onClick(android.content.DialogInterface,int) -> onClick
shompu.katakuti.GameActivity$3 -> shompu.katakuti.GameActivity$3:
    shompu.katakuti.GameActivity this$0 -> a
    void <init>(shompu.katakuti.GameActivity) -> <init>
    void run() -> run
shompu.katakuti.GameActivity$4 -> shompu.katakuti.GameActivity$4:
    shompu.katakuti.GameActivity this$0 -> a
    void <init>(shompu.katakuti.GameActivity) -> <init>
    void run() -> run
    void com_turn() -> a
    void user_turn() -> b
shompu.katakuti.GameActivity$4$1 -> shompu.katakuti.GameActivity$4$1:
    shompu.katakuti.GameActivity$4 this$1 -> a
    void <init>(shompu.katakuti.GameActivity$4) -> <init>
    void onClick(android.view.View) -> onClick
shompu.katakuti.GameActivity$4$2 -> shompu.katakuti.GameActivity$4$2:
    shompu.katakuti.GameActivity$4 this$1 -> a
    void <init>(shompu.katakuti.GameActivity$4) -> <init>
    void onClick(android.view.View) -> onClick
shompu.katakuti.GameActivity$4$3 -> shompu.katakuti.GameActivity$4$3:
    shompu.katakuti.GameActivity$4 this$1 -> a
    void <init>(shompu.katakuti.GameActivity$4) -> <init>
    void onClick(android.view.View) -> onClick
shompu.katakuti.GameActivity$5 -> shompu.katakuti.GameActivity$5:
    shompu.katakuti.GameActivity this$0 -> a
    void <init>(shompu.katakuti.GameActivity) -> <init>
    void onClick(android.view.View) -> onClick
shompu.katakuti.GameActivity$6 -> shompu.katakuti.GameActivity$6:
    shompu.katakuti.GameActivity this$0 -> a
    void <init>(shompu.katakuti.GameActivity) -> <init>
    void onClick(android.view.View) -> onClick
shompu.katakuti.GameActivity$7 -> shompu.katakuti.GameActivity$7:
    shompu.katakuti.GameActivity this$0 -> a
    void <init>(shompu.katakuti.GameActivity) -> <init>
    void onClick(android.view.View) -> onClick