app/build/outputs/mapping/release/usage.txt
shompu.katakuti.BuildConfig
shompu.katakuti.R
shompu.katakuti.R$dimen
shompu.katakuti.R$drawable
shompu.katakuti.R$id
shompu.katakuti.R$layout
shompu.katakuti.R$menu
shompu.katakuti.R$raw
shompu.katakuti.R$string
shompu.katakuti.R$style
shompu.katakuti.Sounds:
    public static android.media.SoundPool soundPool
    9:9:public Sounds()
...
android.support.v4.view.MenuItemCompatIcs$OnActionExpandListenerWrapper
android.support.v4.view.MenuItemCompatIcs$SupportActionExpandProxy
android.support.v4.view.MotionEventCompat
android.support.v4.view.MotionEventCompat$BaseMotionEventVersionImpl
android.support.v4.view.MotionEventCompat$EclairMotionEventVersionImpl
android.support.v4.view.MotionEventCompat$MotionEventVersionImpl
android.support.v4.view.MotionEventCompatEclair
android.support.v4.view.PagerAdapter
android.support.v4.view.PagerTabStrip
android.support.v4.view.PagerTabStrip$1
android.support.v4.view.PagerTabStrip$2
android.support.v4.view.PagerTitleStrip
android.support.v4.view.PagerTitleStrip$1
android.support.v4.view.PagerTitleStrip$PageListener
android.support.v4.view.PagerTitleStrip$PagerTitleStripImpl
android.support.v4.view.PagerTitleStrip$PagerTitleStripImplBase
android.support.v4.view.PagerTitleStrip$PagerTitleStripImplIcs
android.support.v4.view.PagerTitleStripIcs
android.support.v4.view.PagerTitleStripIcs$SingleLineAllCapsTransform
android.support.v4.view.VelocityTrackerCompat
android.support.v4.view.VelocityTrackerCompat$BaseVelocityTrackerVersionImpl
android.support.v4.view.VelocityTrackerCompat$HoneycombVelocityTrackerVersionImpl
android.support.v4.view.VelocityTrackerCompat$VelocityTrackerVersionImpl
android.support.v4.view.VelocityTrackerCompatHoneycomb
android.support.v4.view.ViewCompat
android.support.v4.view.ViewCompat$BaseViewCompatImpl
android.support.v4.view.ViewCompat$EclairMr1ViewCompatImpl
android.support.v4.view.ViewCompat$GBViewCompatImpl
android.support.v4.view.ViewCompat$HCViewCompatImpl
android.support.v4.view.ViewCompat$ICSViewCompatImpl
android.support.v4.view.ViewCompat$JBViewCompatImpl
android.support.v4.view.ViewCompat$JbMr1ViewCompatImpl
android.support.v4.view.ViewCompat$ViewCompatImpl
android.support.v4.view.ViewCompatEclairMr1
android.support.v4.view.ViewCompatGingerbread
android.support.v4.view.ViewCompatHC
android.support.v4.view.ViewCompatICS
android.support.v4.view.ViewCompatJB
android.support.v4.view.ViewCompatJellybeanMr1
android.support.v4.view.ViewConfigurationCompat
android.support.v4.view.ViewConfigurationCompat$BaseViewConfigurationVersionImpl
android.support.v4.view.ViewConfigurationCompat$FroyoViewConfigurationVersionImpl
android.support.v4.view.ViewConfigurationCompat$ViewConfigurationVersionImpl
android.support.v4.view.ViewConfigurationCompatFroyo
android.support.v4.view.ViewGroupCompat
android.support.v4.view.ViewGroupCompat$ViewGroupCompatHCImpl
android.support.v4.view.ViewGroupCompat$ViewGroupCompatIcsImpl
android.support.v4.view.ViewGroupCompat$ViewGroupCompatImpl
android.support.v4.view.ViewGroupCompat$ViewGroupCompatStubImpl
android.support.v4.view.ViewGroupCompatHC
android.support.v4.view.ViewGroupCompatIcs
android.support.v4.view.ViewPager
android.support.v4.view.ViewPager$1
android.support.v4.view.ViewPager$2
android.support.v4.view.ViewPager$3
android.support.v4.view.ViewPager$Decor
android.support.v4.view.ViewPager$ItemInfo
android.support.v4.view.ViewPager$LayoutParams
android.support.v4.view.ViewPager$MyAccessibilityDelegate
android.support.v4.view.ViewPager$OnAdapterChangeListener
android.support.v4.view.ViewPager$OnPageChangeListener
android.support.v4.view.ViewPager$PageTransformer
android.support.v4.view.ViewPager$PagerObserver
android.support.v4.view.ViewPager$SavedState
android.support.v4.view.ViewPager$SavedState$1
android.support.v4.view.ViewPager$SimpleOnPageChangeListener
android.support.v4.view.ViewPager$ViewPositionComparator
android.support.v4.view.ViewParentCompat
android.support.v4.view.ViewParentCompat$ViewParentCompatICSImpl
android.support.v4.view.ViewParentCompat$ViewParentCompatImpl
android.support.v4.view.ViewParentCompat$ViewParentCompatStubImpl
android.support.v4.view.ViewParentCompatICS
android.support.v4.view.WindowCompat
android.support.v4.view.accessibility.AccessibilityEventCompat